<?xml version="1.0" encoding="UTF-8"?>
<testsuite xmlns:xsi="http://www.w3.org/2001/XMLSchema-instance" xsi:noNamespaceSchemaLocation="https://maven.apache.org/surefire/maven-surefire-plugin/xsd/surefire-test-report.xsd" name="com.doromv.service.UserServiceTest" time="0.122" tests="2" errors="0" skipped="0" failures="0">
  <properties>
    <property name="sun.desktop" value="windows"/>
    <property name="awt.toolkit" value="sun.awt.windows.WToolkit"/>
    <property name="file.encoding.pkg" value="sun.io"/>
    <property name="java.specification.version" value="1.8"/>
    <property name="sun.cpu.isalist" value="amd64"/>
    <property name="sun.jnu.encoding" value="GBK"/>
    <property name="java.class.path" value="E:\GitHub\JAVA-Mybatis_plus\Mybatis_plus\target\test-classes;E:\GitHub\JAVA-Mybatis_plus\Mybatis_plus\target\classes;E:\IDEA 2021\MAVEN\apache-maven-3.8.4\maven-repo\org\springframework\boot\spring-boot-starter\2.6.6\spring-boot-starter-2.6.6.jar;E:\IDEA 2021\MAVEN\apache-maven-3.8.4\maven-repo\org\springframework\boot\spring-boot\2.6.6\spring-boot-2.6.6.jar;E:\IDEA 2021\MAVEN\apache-maven-3.8.4\maven-repo\org\springframework\spring-context\5.3.18\spring-context-5.3.18.jar;E:\IDEA 2021\MAVEN\apache-maven-3.8.4\maven-repo\org\springframework\spring-aop\5.3.18\spring-aop-5.3.18.jar;E:\IDEA 2021\MAVEN\apache-maven-3.8.4\maven-repo\org\springframework\spring-beans\5.3.18\spring-beans-5.3.18.jar;E:\IDEA 2021\MAVEN\apache-maven-3.8.4\maven-repo\org\springframework\spring-expression\5.3.18\spring-expression-5.3.18.jar;E:\IDEA 2021\MAVEN\apache-maven-3.8.4\maven-repo\org\springframework\boot\spring-boot-autoconfigure\2.6.6\spring-boot-autoconfigure-2.6.6.jar;E:\IDEA 2021\MAVEN\apache-maven-3.8.4\maven-repo\org\springframework\boot\spring-boot-starter-logging\2.6.6\spring-boot-starter-logging-2.6.6.jar;E:\IDEA 2021\MAVEN\apache-maven-3.8.4\maven-repo\ch\qos\logback\logback-classic\1.2.11\logback-classic-1.2.11.jar;E:\IDEA 2021\MAVEN\apache-maven-3.8.4\maven-repo\ch\qos\logback\logback-core\1.2.11\logback-core-1.2.11.jar;E:\IDEA 2021\MAVEN\apache-maven-3.8.4\maven-repo\org\apache\logging\log4j\log4j-to-slf4j\2.17.2\log4j-to-slf4j-2.17.2.jar;E:\IDEA 2021\MAVEN\apache-maven-3.8.4\maven-repo\org\apache\logging\log4j\log4j-api\2.17.2\log4j-api-2.17.2.jar;E:\IDEA 2021\MAVEN\apache-maven-3.8.4\maven-repo\org\slf4j\jul-to-slf4j\1.7.36\jul-to-slf4j-1.7.36.jar;E:\IDEA 2021\MAVEN\apache-maven-3.8.4\maven-repo\jakarta\annotation\jakarta.annotation-api\1.3.5\jakarta.annotation-api-1.3.5.jar;E:\IDEA 2021\MAVEN\apache-maven-3.8.4\maven-repo\org\springframework\spring-core\5.3.18\spring-core-5.3.18.jar;E:\IDEA 2021\MAVEN\apache-maven-3.8.4\maven-repo\org\springframework\spring-jcl\5.3.18\spring-jcl-5.3.18.jar;E:\IDEA 2021\MAVEN\apache-maven-3.8.4\maven-repo\org\yaml\snakeyaml\1.29\snakeyaml-1.29.jar;E:\IDEA 2021\MAVEN\apache-maven-3.8.4\maven-repo\org\springframework\boot\spring-boot-starter-test\2.6.6\spring-boot-starter-test-2.6.6.jar;E:\IDEA 2021\MAVEN\apache-maven-3.8.4\maven-repo\org\springframework\boot\spring-boot-test\2.6.6\spring-boot-test-2.6.6.jar;E:\IDEA 2021\MAVEN\apache-maven-3.8.4\maven-repo\org\springframework\boot\spring-boot-test-autoconfigure\2.6.6\spring-boot-test-autoconfigure-2.6.6.jar;E:\IDEA 2021\MAVEN\apache-maven-3.8.4\maven-repo\com\jayway\jsonpath\json-path\2.6.0\json-path-2.6.0.jar;E:\IDEA 2021\MAVEN\apache-maven-3.8.4\maven-repo\net\minidev\json-smart\2.4.8\json-smart-2.4.8.jar;E:\IDEA 2021\MAVEN\apache-maven-3.8.4\maven-repo\net\minidev\accessors-smart\2.4.8\accessors-smart-2.4.8.jar;E:\IDEA 2021\MAVEN\apache-maven-3.8.4\maven-repo\org\ow2\asm\asm\9.1\asm-9.1.jar;E:\IDEA 2021\MAVEN\apache-maven-3.8.4\maven-repo\org\slf4j\slf4j-api\1.7.36\slf4j-api-1.7.36.jar;E:\IDEA 2021\MAVEN\apache-maven-3.8.4\maven-repo\jakarta\xml\bind\jakarta.xml.bind-api\2.3.3\jakarta.xml.bind-api-2.3.3.jar;E:\IDEA 2021\MAVEN\apache-maven-3.8.4\maven-repo\jakarta\activation\jakarta.activation-api\1.2.2\jakarta.activation-api-1.2.2.jar;E:\IDEA 2021\MAVEN\apache-maven-3.8.4\maven-repo\org\assertj\assertj-core\3.21.0\assertj-core-3.21.0.jar;E:\IDEA 2021\MAVEN\apache-maven-3.8.4\maven-repo\org\hamcrest\hamcrest\2.2\hamcrest-2.2.jar;E:\IDEA 2021\MAVEN\apache-maven-3.8.4\maven-repo\org\junit\jupiter\junit-jupiter\5.8.2\junit-jupiter-5.8.2.jar;E:\IDEA 2021\MAVEN\apache-maven-3.8.4\maven-repo\org\junit\jupiter\junit-jupiter-api\5.8.2\junit-jupiter-api-5.8.2.jar;E:\IDEA 2021\MAVEN\apache-maven-3.8.4\maven-repo\org\opentest4j\opentest4j\1.2.0\opentest4j-1.2.0.jar;E:\IDEA 2021\MAVEN\apache-maven-3.8.4\maven-repo\org\junit\platform\junit-platform-commons\1.8.2\junit-platform-commons-1.8.2.jar;E:\IDEA 2021\MAVEN\apache-maven-3.8.4\maven-repo\org\apiguardian\apiguardian-api\1.1.2\apiguardian-api-1.1.2.jar;E:\IDEA 2021\MAVEN\apache-maven-3.8.4\maven-repo\org\junit\jupiter\junit-jupiter-params\5.8.2\junit-jupiter-params-5.8.2.jar;E:\IDEA 2021\MAVEN\apache-maven-3.8.4\maven-repo\org\junit\jupiter\junit-jupiter-engine\5.8.2\junit-jupiter-engine-5.8.2.jar;E:\IDEA 2021\MAVEN\apache-maven-3.8.4\maven-repo\org\junit\platform\junit-platform-engine\1.8.2\junit-platform-engine-1.8.2.jar;E:\IDEA 2021\MAVEN\apache-maven-3.8.4\maven-repo\org\mockito\mockito-core\4.0.0\mockito-core-4.0.0.jar;E:\IDEA 2021\MAVEN\apache-maven-3.8.4\maven-repo\net\bytebuddy\byte-buddy\1.11.22\byte-buddy-1.11.22.jar;E:\IDEA 2021\MAVEN\apache-maven-3.8.4\maven-repo\net\bytebuddy\byte-buddy-agent\1.11.22\byte-buddy-agent-1.11.22.jar;E:\IDEA 2021\MAVEN\apache-maven-3.8.4\maven-repo\org\objenesis\objenesis\3.2\objenesis-3.2.jar;E:\IDEA 2021\MAVEN\apache-maven-3.8.4\maven-repo\org\mockito\mockito-junit-jupiter\4.0.0\mockito-junit-jupiter-4.0.0.jar;E:\IDEA 2021\MAVEN\apache-maven-3.8.4\maven-repo\org\skyscreamer\jsonassert\1.5.0\jsonassert-1.5.0.jar;E:\IDEA 2021\MAVEN\apache-maven-3.8.4\maven-repo\com\vaadin\external\google\android-json\0.0.20131108.vaadin1\android-json-0.0.20131108.vaadin1.jar;E:\IDEA 2021\MAVEN\apache-maven-3.8.4\maven-repo\org\springframework\spring-test\5.3.18\spring-test-5.3.18.jar;E:\IDEA 2021\MAVEN\apache-maven-3.8.4\maven-repo\org\xmlunit\xmlunit-core\2.8.4\xmlunit-core-2.8.4.jar;E:\IDEA 2021\MAVEN\apache-maven-3.8.4\maven-repo\com\baomidou\mybatis-plus-boot-starter\3.5.1\mybatis-plus-boot-starter-3.5.1.jar;E:\IDEA 2021\MAVEN\apache-maven-3.8.4\maven-repo\com\baomidou\mybatis-plus\3.5.1\mybatis-plus-3.5.1.jar;E:\IDEA 2021\MAVEN\apache-maven-3.8.4\maven-repo\com\baomidou\mybatis-plus-extension\3.5.1\mybatis-plus-extension-3.5.1.jar;E:\IDEA 2021\MAVEN\apache-maven-3.8.4\maven-repo\com\baomidou\mybatis-plus-core\3.5.1\mybatis-plus-core-3.5.1.jar;E:\IDEA 2021\MAVEN\apache-maven-3.8.4\maven-repo\com\baomidou\mybatis-plus-annotation\3.5.1\mybatis-plus-annotation-3.5.1.jar;E:\IDEA 2021\MAVEN\apache-maven-3.8.4\maven-repo\com\github\jsqlparser\jsqlparser\4.3\jsqlparser-4.3.jar;E:\IDEA 2021\MAVEN\apache-maven-3.8.4\maven-repo\org\mybatis\mybatis\3.5.9\mybatis-3.5.9.jar;E:\IDEA 2021\MAVEN\apache-maven-3.8.4\maven-repo\org\mybatis\mybatis-spring\2.0.6\mybatis-spring-2.0.6.jar;E:\IDEA 2021\MAVEN\apache-maven-3.8.4\maven-repo\org\springframework\boot\spring-boot-starter-jdbc\2.6.6\spring-boot-starter-jdbc-2.6.6.jar;E:\IDEA 2021\MAVEN\apache-maven-3.8.4\maven-repo\com\zaxxer\HikariCP\4.0.3\HikariCP-4.0.3.jar;E:\IDEA 2021\MAVEN\apache-maven-3.8.4\maven-repo\org\springframework\spring-jdbc\5.3.18\spring-jdbc-5.3.18.jar;E:\IDEA 2021\MAVEN\apache-maven-3.8.4\maven-repo\org\springframework\spring-tx\5.3.18\spring-tx-5.3.18.jar;E:\IDEA 2021\MAVEN\apache-maven-3.8.4\maven-repo\org\projectlombok\lombok\1.18.22\lombok-1.18.22.jar;E:\IDEA 2021\MAVEN\apache-maven-3.8.4\maven-repo\mysql\mysql-connector-java\8.0.28\mysql-connector-java-8.0.28.jar;E:\IDEA 2021\MAVEN\apache-maven-3.8.4\maven-repo\com\baomidou\mybatis-plus-generator\3.5.1\mybatis-plus-generator-3.5.1.jar;E:\IDEA 2021\MAVEN\apache-maven-3.8.4\maven-repo\org\freemarker\freemarker\2.3.31\freemarker-2.3.31.jar;"/>
    <property name="java.vm.vendor" value="Oracle Corporation"/>
    <property name="sun.arch.data.model" value="64"/>
    <property name="user.variant" value=""/>
    <property name="java.vendor.url" value="http://java.oracle.com/"/>
    <property name="user.timezone" value="Asia/Shanghai"/>
    <property name="java.vm.specification.version" value="1.8"/>
    <property name="os.name" value="Windows 10"/>
    <property name="user.country" value="CN"/>
    <property name="sun.java.launcher" value="SUN_STANDARD"/>
    <property name="sun.boot.library.path" value="F:\JAVA\JAVA\jdk1.8.0_171\jre\bin"/>
    <property name="sun.java.command" value="C:\Users\Lenovo\AppData\Local\Temp\surefire5044150565207683773\surefirebooter4762949578675185141.jar C:\Users\Lenovo\AppData\Local\Temp\surefire5044150565207683773 2022-04-09T11-28-29_359-jvmRun1 surefire8351211878113162917tmp surefire_0637785223620818058tmp"/>
    <property name="surefire.test.class.path" value="E:\GitHub\JAVA-Mybatis_plus\Mybatis_plus\target\test-classes;E:\GitHub\JAVA-Mybatis_plus\Mybatis_plus\target\classes;E:\IDEA 2021\MAVEN\apache-maven-3.8.4\maven-repo\org\springframework\boot\spring-boot-starter\2.6.6\spring-boot-starter-2.6.6.jar;E:\IDEA 2021\MAVEN\apache-maven-3.8.4\maven-repo\org\springframework\boot\spring-boot\2.6.6\spring-boot-2.6.6.jar;E:\IDEA 2021\MAVEN\apache-maven-3.8.4\maven-repo\org\springframework\spring-context\5.3.18\spring-context-5.3.18.jar;E:\IDEA 2021\MAVEN\apache-maven-3.8.4\maven-repo\org\springframework\spring-aop\5.3.18\spring-aop-5.3.18.jar;E:\IDEA 2021\MAVEN\apache-maven-3.8.4\maven-repo\org\springframework\spring-beans\5.3.18\spring-beans-5.3.18.jar;E:\IDEA 2021\MAVEN\apache-maven-3.8.4\maven-repo\org\springframework\spring-expression\5.3.18\spring-expression-5.3.18.jar;E:\IDEA 2021\MAVEN\apache-maven-3.8.4\maven-repo\org\springframework\boot\spring-boot-autoconfigure\2.6.6\spring-boot-autoconfigure-2.6.6.jar;E:\IDEA 2021\MAVEN\apache-maven-3.8.4\maven-repo\org\springframework\boot\spring-boot-starter-logging\2.6.6\spring-boot-starter-logging-2.6.6.jar;E:\IDEA 2021\MAVEN\apache-maven-3.8.4\maven-repo\ch\qos\logback\logback-classic\1.2.11\logback-classic-1.2.11.jar;E:\IDEA 2021\MAVEN\apache-maven-3.8.4\maven-repo\ch\qos\logback\logback-core\1.2.11\logback-core-1.2.11.jar;E:\IDEA 2021\MAVEN\apache-maven-3.8.4\maven-repo\org\apache\logging\log4j\log4j-to-slf4j\2.17.2\log4j-to-slf4j-2.17.2.jar;E:\IDEA 2021\MAVEN\apache-maven-3.8.4\maven-repo\org\apache\logging\log4j\log4j-api\2.17.2\log4j-api-2.17.2.jar;E:\IDEA 2021\MAVEN\apache-maven-3.8.4\maven-repo\org\slf4j\jul-to-slf4j\1.7.36\jul-to-slf4j-1.7.36.jar;E:\IDEA 2021\MAVEN\apache-maven-3.8.4\maven-repo\jakarta\annotation\jakarta.annotation-api\1.3.5\jakarta.annotation-api-1.3.5.jar;E:\IDEA 2021\MAVEN\apache-maven-3.8.4\maven-repo\org\springframework\spring-core\5.3.18\spring-core-5.3.18.jar;E:\IDEA 2021\MAVEN\apache-maven-3.8.4\maven-repo\org\springframework\spring-jcl\5.3.18\spring-jcl-5.3.18.jar;E:\IDEA 2021\MAVEN\apache-maven-3.8.4\maven-repo\org\yaml\snakeyaml\1.29\snakeyaml-1.29.jar;E:\IDEA 2021\MAVEN\apache-maven-3.8.4\maven-repo\org\springframework\boot\spring-boot-starter-test\2.6.6\spring-boot-starter-test-2.6.6.jar;E:\IDEA 2021\MAVEN\apache-maven-3.8.4\maven-repo\org\springframework\boot\spring-boot-test\2.6.6\spring-boot-test-2.6.6.jar;E:\IDEA 2021\MAVEN\apache-maven-3.8.4\maven-repo\org\springframework\boot\spring-boot-test-autoconfigure\2.6.6\spring-boot-test-autoconfigure-2.6.6.jar;E:\IDEA 2021\MAVEN\apache-maven-3.8.4\maven-repo\com\jayway\jsonpath\json-path\2.6.0\json-path-2.6.0.jar;E:\IDEA 2021\MAVEN\apache-maven-3.8.4\maven-repo\net\minidev\json-smart\2.4.8\json-smart-2.4.8.jar;E:\IDEA 2021\MAVEN\apache-maven-3.8.4\maven-repo\net\minidev\accessors-smart\2.4.8\accessors-smart-2.4.8.jar;E:\IDEA 2021\MAVEN\apache-maven-3.8.4\maven-repo\org\ow2\asm\asm\9.1\asm-9.1.jar;E:\IDEA 2021\MAVEN\apache-maven-3.8.4\maven-repo\org\slf4j\slf4j-api\1.7.36\slf4j-api-1.7.36.jar;E:\IDEA 2021\MAVEN\apache-maven-3.8.4\maven-repo\jakarta\xml\bind\jakarta.xml.bind-api\2.3.3\jakarta.xml.bind-api-2.3.3.jar;E:\IDEA 2021\MAVEN\apache-maven-3.8.4\maven-repo\jakarta\activation\jakarta.activation-api\1.2.2\jakarta.activation-api-1.2.2.jar;E:\IDEA 2021\MAVEN\apache-maven-3.8.4\maven-repo\org\assertj\assertj-core\3.21.0\assertj-core-3.21.0.jar;E:\IDEA 2021\MAVEN\apache-maven-3.8.4\maven-repo\org\hamcrest\hamcrest\2.2\hamcrest-2.2.jar;E:\IDEA 2021\MAVEN\apache-maven-3.8.4\maven-repo\org\junit\jupiter\junit-jupiter\5.8.2\junit-jupiter-5.8.2.jar;E:\IDEA 2021\MAVEN\apache-maven-3.8.4\maven-repo\org\junit\jupiter\junit-jupiter-api\5.8.2\junit-jupiter-api-5.8.2.jar;E:\IDEA 2021\MAVEN\apache-maven-3.8.4\maven-repo\org\opentest4j\opentest4j\1.2.0\opentest4j-1.2.0.jar;E:\IDEA 2021\MAVEN\apache-maven-3.8.4\maven-repo\org\junit\platform\junit-platform-commons\1.8.2\junit-platform-commons-1.8.2.jar;E:\IDEA 2021\MAVEN\apache-maven-3.8.4\maven-repo\org\apiguardian\apiguardian-api\1.1.2\apiguardian-api-1.1.2.jar;E:\IDEA 2021\MAVEN\apache-maven-3.8.4\maven-repo\org\junit\jupiter\junit-jupiter-params\5.8.2\junit-jupiter-params-5.8.2.jar;E:\IDEA 2021\MAVEN\apache-maven-3.8.4\maven-repo\org\junit\jupiter\junit-jupiter-engine\5.8.2\junit-jupiter-engine-5.8.2.jar;E:\IDEA 2021\MAVEN\apache-maven-3.8.4\maven-repo\org\junit\platform\junit-platform-engine\1.8.2\junit-platform-engine-1.8.2.jar;E:\IDEA 2021\MAVEN\apache-maven-3.8.4\maven-repo\org\mockito\mockito-core\4.0.0\mockito-core-4.0.0.jar;E:\IDEA 2021\MAVEN\apache-maven-3.8.4\maven-repo\net\bytebuddy\byte-buddy\1.11.22\byte-buddy-1.11.22.jar;E:\IDEA 2021\MAVEN\apache-maven-3.8.4\maven-repo\net\bytebuddy\byte-buddy-agent\1.11.22\byte-buddy-agent-1.11.22.jar;E:\IDEA 2021\MAVEN\apache-maven-3.8.4\maven-repo\org\objenesis\objenesis\3.2\objenesis-3.2.jar;E:\IDEA 2021\MAVEN\apache-maven-3.8.4\maven-repo\org\mockito\mockito-junit-jupiter\4.0.0\mockito-junit-jupiter-4.0.0.jar;E:\IDEA 2021\MAVEN\apache-maven-3.8.4\maven-repo\org\skyscreamer\jsonassert\1.5.0\jsonassert-1.5.0.jar;E:\IDEA 2021\MAVEN\apache-maven-3.8.4\maven-repo\com\vaadin\external\google\android-json\0.0.20131108.vaadin1\android-json-0.0.20131108.vaadin1.jar;E:\IDEA 2021\MAVEN\apache-maven-3.8.4\maven-repo\org\springframework\spring-test\5.3.18\spring-test-5.3.18.jar;E:\IDEA 2021\MAVEN\apache-maven-3.8.4\maven-repo\org\xmlunit\xmlunit-core\2.8.4\xmlunit-core-2.8.4.jar;E:\IDEA 2021\MAVEN\apache-maven-3.8.4\maven-repo\com\baomidou\mybatis-plus-boot-starter\3.5.1\mybatis-plus-boot-starter-3.5.1.jar;E:\IDEA 2021\MAVEN\apache-maven-3.8.4\maven-repo\com\baomidou\mybatis-plus\3.5.1\mybatis-plus-3.5.1.jar;E:\IDEA 2021\MAVEN\apache-maven-3.8.4\maven-repo\com\baomidou\mybatis-plus-extension\3.5.1\mybatis-plus-extension-3.5.1.jar;E:\IDEA 2021\MAVEN\apache-maven-3.8.4\maven-repo\com\baomidou\mybatis-plus-core\3.5.1\mybatis-plus-core-3.5.1.jar;E:\IDEA 2021\MAVEN\apache-maven-3.8.4\maven-repo\com\baomidou\mybatis-plus-annotation\3.5.1\mybatis-plus-annotation-3.5.1.jar;E:\IDEA 2021\MAVEN\apache-maven-3.8.4\maven-repo\com\github\jsqlparser\jsqlparser\4.3\jsqlparser-4.3.jar;E:\IDEA 2021\MAVEN\apache-maven-3.8.4\maven-repo\org\mybatis\mybatis\3.5.9\mybatis-3.5.9.jar;E:\IDEA 2021\MAVEN\apache-maven-3.8.4\maven-repo\org\mybatis\mybatis-spring\2.0.6\mybatis-spring-2.0.6.jar;E:\IDEA 2021\MAVEN\apache-maven-3.8.4\maven-repo\org\springframework\boot\spring-boot-starter-jdbc\2.6.6\spring-boot-starter-jdbc-2.6.6.jar;E:\IDEA 2021\MAVEN\apache-maven-3.8.4\maven-repo\com\zaxxer\HikariCP\4.0.3\HikariCP-4.0.3.jar;E:\IDEA 2021\MAVEN\apache-maven-3.8.4\maven-repo\org\springframework\spring-jdbc\5.3.18\spring-jdbc-5.3.18.jar;E:\IDEA 2021\MAVEN\apache-maven-3.8.4\maven-repo\org\springframework\spring-tx\5.3.18\spring-tx-5.3.18.jar;E:\IDEA 2021\MAVEN\apache-maven-3.8.4\maven-repo\org\projectlombok\lombok\1.18.22\lombok-1.18.22.jar;E:\IDEA 2021\MAVEN\apache-maven-3.8.4\maven-repo\mysql\mysql-connector-java\8.0.28\mysql-connector-java-8.0.28.jar;E:\IDEA 2021\MAVEN\apache-maven-3.8.4\maven-repo\com\baomidou\mybatis-plus-generator\3.5.1\mybatis-plus-generator-3.5.1.jar;E:\IDEA 2021\MAVEN\apache-maven-3.8.4\maven-repo\org\freemarker\freemarker\2.3.31\freemarker-2.3.31.jar;"/>
    <property name="sun.cpu.endian" value="little"/>
    <property name="user.home" value="C:\Users\Lenovo"/>
    <property name="user.language" value="zh"/>
    <property name="java.specification.vendor" value="Oracle Corporation"/>
    <property name="java.home" value="F:\JAVA\JAVA\jdk1.8.0_171\jre"/>
    <property name="basedir" value="E:\GitHub\JAVA-Mybatis_plus\Mybatis_plus"/>
    <property name="file.separator" value="\"/>
    <property name="line.separator" value="&#10;"/>
    <property name="java.vm.specification.vendor" value="Oracle Corporation"/>
    <property name="java.specification.name" value="Java Platform API Specification"/>
    <property name="java.awt.graphicsenv" value="sun.awt.Win32GraphicsEnvironment"/>
    <property name="surefire.real.class.path" value="C:\Users\Lenovo\AppData\Local\Temp\surefire5044150565207683773\surefirebooter4762949578675185141.jar"/>
    <property name="sun.boot.class.path" value="F:\JAVA\JAVA\jdk1.8.0_171\jre\lib\resources.jar;F:\JAVA\JAVA\jdk1.8.0_171\jre\lib\rt.jar;F:\JAVA\JAVA\jdk1.8.0_171\jre\lib\sunrsasign.jar;F:\JAVA\JAVA\jdk1.8.0_171\jre\lib\jsse.jar;F:\JAVA\JAVA\jdk1.8.0_171\jre\lib\jce.jar;F:\JAVA\JAVA\jdk1.8.0_171\jre\lib\charsets.jar;F:\JAVA\JAVA\jdk1.8.0_171\jre\lib\jfr.jar;F:\JAVA\JAVA\jdk1.8.0_171\jre\classes"/>
    <property name="user.script" value=""/>
    <property name="sun.management.compiler" value="HotSpot 64-Bit Tiered Compilers"/>
    <property name="java.runtime.version" value="1.8.0_171-b11"/>
    <property name="user.name" value="DoromvQAQ"/>
    <property name="path.separator" value=";"/>
    <property name="os.version" value="10.0"/>
    <property name="java.endorsed.dirs" value="F:\JAVA\JAVA\jdk1.8.0_171\jre\lib\endorsed"/>
    <property name="java.runtime.name" value="Java(TM) SE Runtime Environment"/>
    <property name="file.encoding" value="GBK"/>
    <property name="java.vm.name" value="Java HotSpot(TM) 64-Bit Server VM"/>
    <property name="localRepository" value="E:\IDEA 2021\MAVEN\apache-maven-3.8.4\maven-repo"/>
    <property name="java.vendor.url.bug" value="http://bugreport.sun.com/bugreport/"/>
    <property name="java.io.tmpdir" value="C:\Users\Lenovo\AppData\Local\Temp\"/>
    <property name="idea.version" value="2021.1"/>
    <property name="java.version" value="1.8.0_171"/>
    <property name="user.dir" value="E:\GitHub\JAVA-Mybatis_plus\Mybatis_plus"/>
    <property name="os.arch" value="amd64"/>
    <property name="java.vm.specification.name" value="Java Virtual Machine Specification"/>
    <property name="java.awt.printerjob" value="sun.awt.windows.WPrinterJob"/>
    <property name="sun.os.patch.level" value=""/>
    <property name="java.library.path" value="F:\JAVA\JAVA\jdk1.8.0_171\jre\bin;C:\WINDOWS\Sun\Java\bin;C:\WINDOWS\system32;C:\WINDOWS;E:\VMware Workstation 64位\bin\;;JAVA_HOME%\bin;C:\Program Files (x86)\Common Files\Oracle\Java\javapath;C:\ProgramData\Oracle\Java\javapath;C:\Program Files (x86)\Common Files\Intel\Shared Libraries\redist\intel64\compiler;C:\Program Files (x86)\Intel\Intel(R) Management Engine Components\iCLS\;C:\Program Files\Intel\Intel(R) Management Engine Components\iCLS\;C:\WINDOWS\system32;C:\WINDOWS;C:\WINDOWS\System32\Wbem;C:\WINDOWS\System32\WindowsPowerShell\v1.0\;C:\WINDOWS\System32\OpenSSH\;C:\Program Files (x86)\Intel\Intel(R) Management Engine Components\DAL;C:\Program Files\Intel\Intel(R) Management Engine Components\DAL;E:\SQL\100\Tools\Binn\;f;\SQLsever\安装\100\Tools\Binn\;f;\SQLsever\安装\100\DTS\Binn\;f;\SQLsever\安装2\100\Tools\Binn\VSShell\Common7\IDE\;C;\Program Files (x86)\Microsoft Visual Studio 9.0\Common7\IDE\PrivateAssemblies\;%;AVA_HOME%\bin;C:\Program Files\dotnet\;C:\Program Files\Microsoft SQL Server\Client SDK\ODBC\170\Tools\Binn\;C:\Program Files (x86)\dotnet\;E:\IDEA 2021\MAVEN\apache-maven-3.8.4\bin;E:\IDEA 2021\MAVEN\apache-maven-3.8.4\bin\bin;&quot;E:\IDEA 2021\TOMCAT\apache-tomcat-9.0.56\lib;E:\IDEA 2021\TOMCAT\apache-tomcat-9.0.56\bin&quot;;C:\Program Files\MySQL\MySQL Server 8.0\bin;C:\Program Files\MySQL\MySQL Shell 8.0\bin\;C:\Users\Lenovo\AppData\Local\Microsoft\WindowsApps;F:\JAVA\JAVA\jdk1.8.0_171\bin;C:\Users\Lenovo\.dotnet\tools;;E:\IDEA 2021\install\IntelliJ IDEA 2021.1\bin;;E:\vsCode\Microsoft VS Code\bin;."/>
    <property name="java.vm.info" value="mixed mode"/>
    <property name="java.vendor" value="Oracle Corporation"/>
    <property name="java.vm.version" value="25.171-b11"/>
    <property name="java.ext.dirs" value="F:\JAVA\JAVA\jdk1.8.0_171\jre\lib\ext;C:\WINDOWS\Sun\Java\lib\ext"/>
    <property name="sun.io.unicode.encoding" value="UnicodeLittle"/>
    <property name="maven.repo.local" value="E:\IDEA 2021\MAVEN\apache-maven-3.8.4\maven-repo"/>
    <property name="java.class.version" value="52.0"/>
  </properties>
  <testcase name="testGetCount" classname="com.doromv.service.UserServiceTest" time="0.054"/>
  <testcase name="testSaveBatch" classname="com.doromv.service.UserServiceTest" time="0.05"/>
</testsuite>